[2025-03-16 10:34:16,461] None None None
INFO in logger: 应用程序启动
----------------------------------------
[2025-03-16 10:34:16,467] None None None
INFO in app: 正在初始化数据加载器...
----------------------------------------
[2025-03-16 10:34:16,505] None None None
INFO in app: 正在初始化模型训练器...
----------------------------------------
[2025-03-16 10:34:17,903] None None None
INFO in app: 正在设置路由...
----------------------------------------
[2025-03-16 10:34:17,907] None None None
INFO in app: 应用程序初始化完成
----------------------------------------
[2025-03-16 10:34:19,480] None None None
INFO in logger: 应用程序启动
----------------------------------------
[2025-03-16 10:34:19,486] None None None
INFO in app: 正在初始化数据加载器...
----------------------------------------
[2025-03-16 10:34:19,524] None None None
INFO in app: 正在初始化模型训练器...
----------------------------------------
[2025-03-16 10:34:21,027] None None None
INFO in app: 正在设置路由...
----------------------------------------
[2025-03-16 10:34:21,031] None None None
INFO in app: 应用程序初始化完成
----------------------------------------
﻿[2025-03-16 10:35:29,416] None None None
INFO in logger: 应用程序启动
----------------------------------------
[2025-03-16 10:35:29,421] None None None
INFO in app: 正在初始化数据加载器...
----------------------------------------
[2025-03-16 10:35:29,459] None None None
INFO in app: 正在初始化模型训练器...
----------------------------------------
[2025-03-16 10:35:30,902] None None None
INFO in app: 正在设置路由...
----------------------------------------
[2025-03-16 10:35:30,905] None None None
INFO in app: 应用程序初始化完成
----------------------------------------
﻿[2025-03-16 10:36:10,257] None None None
INFO in logger: 应用程序启动
----------------------------------------
[2025-03-16 10:36:10,261] None None None
INFO in app: 正在初始化数据加载器...
----------------------------------------
[2025-03-16 10:36:10,297] None None None
INFO in app: 正在初始化模型训练器...
----------------------------------------
[2025-03-16 10:36:11,740] None None None
INFO in app: 正在设置路由...
----------------------------------------
[2025-03-16 10:36:11,743] None None None
INFO in app: 应用程序初始化完成
----------------------------------------
﻿[2025-03-16 10:36:13,275] None None None
INFO in logger: 应用程序启动
----------------------------------------
[2025-03-16 10:36:13,280] None None None
INFO in app: 正在初始化数据加载器...
----------------------------------------
[2025-03-16 10:36:13,316] None None None
INFO in app: 正在初始化模型训练器...
----------------------------------------
[2025-03-16 10:36:14,746] None None None
INFO in app: 正在设置路由...
----------------------------------------
[2025-03-16 10:36:14,749] None None None
INFO in app: 应用程序初始化完成
----------------------------------------
﻿[2025-03-16 10:37:44,260] None None None
INFO in logger: Application started
----------------------------------------
[2025-03-16 10:37:44,265] None None None
INFO in app: 正在初始化数据加载器...
----------------------------------------
[2025-03-16 10:37:44,305] None None None
INFO in app: 正在初始化模型训练器...
----------------------------------------
[2025-03-16 10:37:45,734] None None None
INFO in app: 正在设置路由...
----------------------------------------
[2025-03-16 10:37:45,737] None None None
INFO in app: 应用程序初始化完成
----------------------------------------
﻿[2025-03-16 10:38:43,978] None None None
INFO in logger: Application started
----------------------------------------
[2025-03-16 10:38:43,983] None None None
INFO in app: Initializing data loader...
----------------------------------------
[2025-03-16 10:38:44,022] None None None
INFO in app: Initializing model trainer...
----------------------------------------
[2025-03-16 10:38:45,421] None None None
INFO in app: Setting up routes...
----------------------------------------
[2025-03-16 10:38:45,424] None None None
INFO in app: Application initialization complete
----------------------------------------
﻿[2025-03-16 10:39:13,406] None None None
INFO in logger: Application started
----------------------------------------
[2025-03-16 10:39:13,410] None None None
INFO in app: Initializing data loader...
----------------------------------------
[2025-03-16 10:39:13,447] None None None
INFO in app: Initializing model trainer...
----------------------------------------
[2025-03-16 10:39:14,816] None None None
INFO in app: Setting up routes...
----------------------------------------
[2025-03-16 10:39:14,819] None None None
INFO in app: Application initialization complete
----------------------------------------
﻿[2025-03-16 10:39:35,747] None None None
INFO in logger: Application started
----------------------------------------
[2025-03-16 10:39:35,752] None None None
INFO in app: Initializing data loader...
----------------------------------------
[2025-03-16 10:39:35,788] None None None
INFO in app: Initializing model trainer...
----------------------------------------
[2025-03-16 10:39:37,166] None None None
INFO in app: Setting up routes...
----------------------------------------
[2025-03-16 10:39:37,169] None None None
INFO in app: Application initialization complete
----------------------------------------
﻿[2025-03-16 10:39:56,100] None None None
INFO in logger: Application started
----------------------------------------
[2025-03-16 10:39:56,105] None None None
INFO in app: Initializing data loader...
----------------------------------------
[2025-03-16 10:39:56,141] None None None
INFO in app: Initializing model trainer...
----------------------------------------
[2025-03-16 10:39:57,590] None None None
INFO in app: Setting up routes...
----------------------------------------
[2025-03-16 10:39:57,593] None None None
INFO in app: Application initialization complete
----------------------------------------
﻿[2025-03-16 10:40:33,144] None None None
INFO in logger: Application started
----------------------------------------
[2025-03-16 10:40:33,149] None None None
INFO in app: Initializing data loader...
----------------------------------------
[2025-03-16 10:40:33,188] None None None
INFO in app: Initializing model trainer...
----------------------------------------
[2025-03-16 10:40:34,750] None None None
INFO in app: Setting up routes...
----------------------------------------
[2025-03-16 10:40:34,753] None None None
INFO in app: Application initialization complete
----------------------------------------
﻿[2025-03-16 10:40:36,284] None None None
INFO in logger: Application started
----------------------------------------
[2025-03-16 10:40:36,289] None None None
INFO in app: Initializing data loader...
----------------------------------------
[2025-03-16 10:40:36,329] None None None
INFO in app: Initializing model trainer...
----------------------------------------
[2025-03-16 10:40:37,779] None None None
INFO in app: Setting up routes...
----------------------------------------
[2025-03-16 10:40:37,783] None None None
INFO in app: Application initialization complete
----------------------------------------
[2025-03-16 10:41:13,873] 127.0.0.1 POST http://127.0.0.1:5000/upload
INFO in decorators: Route accessed: POST /upload
----------------------------------------
[2025-03-16 10:41:13,875] 127.0.0.1 POST http://127.0.0.1:5000/upload
WARNING in app: No file part
----------------------------------------
﻿[2025-03-16 10:53:58,075] None None None
INFO in logger: Application started
----------------------------------------
[2025-03-16 10:53:58,080] None None None
INFO in app: Initializing data loader...
----------------------------------------
[2025-03-16 10:53:58,117] None None None
INFO in app: Initializing model trainer...
----------------------------------------
[2025-03-16 10:53:59,644] None None None
INFO in app: Setting up routes...
----------------------------------------
[2025-03-16 10:53:59,647] None None None
INFO in app: Application initialization complete
----------------------------------------
﻿[2025-03-16 10:54:21,352] None None None
INFO in logger: Application started
----------------------------------------
[2025-03-16 10:54:21,356] None None None
INFO in app: Initializing data loader...
----------------------------------------
[2025-03-16 10:54:21,392] None None None
INFO in app: Initializing model trainer...
----------------------------------------
[2025-03-16 10:54:22,791] None None None
INFO in app: Setting up routes...
----------------------------------------
[2025-03-16 10:54:22,794] None None None
INFO in app: Application initialization complete
----------------------------------------
﻿[2025-03-16 10:54:24,232] None None None
INFO in logger: Application started
----------------------------------------
[2025-03-16 10:54:24,236] None None None
INFO in app: Initializing data loader...
----------------------------------------
[2025-03-16 10:54:24,273] None None None
INFO in app: Initializing model trainer...
----------------------------------------
[2025-03-16 10:54:25,656] None None None
INFO in app: Setting up routes...
----------------------------------------
[2025-03-16 10:54:25,659] None None None
INFO in app: Application initialization complete
----------------------------------------
[2025-03-16 10:54:43,961] 127.0.0.1 POST http://127.0.0.1:5000/upload
INFO in decorators: Route accessed: POST /upload
----------------------------------------
[2025-03-16 10:54:43,963] 127.0.0.1 POST http://127.0.0.1:5000/upload
WARNING in app: No file part
----------------------------------------
﻿[2025-03-16 10:59:16,746] None None None
INFO in logger: Application started
----------------------------------------
[2025-03-16 10:59:16,752] None None None
INFO in app: Initializing data loader...
----------------------------------------
[2025-03-16 10:59:16,792] None None None
INFO in app: Initializing model trainer...
----------------------------------------
[2025-03-16 10:59:16,816] None None None
ERROR in app: Error during initialization: Input X contains infinity or a value too large for dtype('float64').
----------------------------------------
Traceback (most recent call last):
  File "E:\PlayerAnalysis\app.py", line 137, in <module>
    model_trainer.train_prediction_models(data_loader.df)
  File "E:\PlayerAnalysis\services\model_trainer.py", line 115, in train_prediction_models
    X_scaled = scaler.fit_transform(X)
               ^^^^^^^^^^^^^^^^^^^^^^^
  File "E:\anaconda3\envs\myenv\Lib\site-packages\sklearn\utils\_set_output.py", line 319, in wrapped
    data_to_wrap = f(self, X, *args, **kwargs)
                   ^^^^^^^^^^^^^^^^^^^^^^^^^^^
  File "E:\anaconda3\envs\myenv\Lib\site-packages\sklearn\base.py", line 918, in fit_transform
    return self.fit(X, **fit_params).transform(X)
           ^^^^^^^^^^^^^^^^^^^^^^^^^
  File "E:\anaconda3\envs\myenv\Lib\site-packages\sklearn\preprocessing\_data.py", line 894, in fit
    return self.partial_fit(X, y, sample_weight)
           ^^^^^^^^^^^^^^^^^^^^^^^^^^^^^^^^^^^^^
  File "E:\anaconda3\envs\myenv\Lib\site-packages\sklearn\base.py", line 1389, in wrapper
    return fit_method(estimator, *args, **kwargs)
           ^^^^^^^^^^^^^^^^^^^^^^^^^^^^^^^^^^^^^^
  File "E:\anaconda3\envs\myenv\Lib\site-packages\sklearn\preprocessing\_data.py", line 930, in partial_fit
    X = validate_data(
        ^^^^^^^^^^^^^^
  File "E:\anaconda3\envs\myenv\Lib\site-packages\sklearn\utils\validation.py", line 2944, in validate_data
    out = check_array(X, input_name="X", **check_params)
          ^^^^^^^^^^^^^^^^^^^^^^^^^^^^^^^^^^^^^^^^^^^^^^
  File "E:\anaconda3\envs\myenv\Lib\site-packages\sklearn\utils\validation.py", line 1107, in check_array
    _assert_all_finite(
  File "E:\anaconda3\envs\myenv\Lib\site-packages\sklearn\utils\validation.py", line 120, in _assert_all_finite
    _assert_all_finite_element_wise(
  File "E:\anaconda3\envs\myenv\Lib\site-packages\sklearn\utils\validation.py", line 169, in _assert_all_finite_element_wise
    raise ValueError(msg_err)
ValueError: Input X contains infinity or a value too large for dtype('float64').
﻿[2025-03-16 10:59:28,027] None None None
INFO in logger: Application started
----------------------------------------
[2025-03-16 10:59:28,032] None None None
INFO in app: Initializing data loader...
----------------------------------------
[2025-03-16 10:59:28,067] None None None
INFO in app: Initializing model trainer...
----------------------------------------
[2025-03-16 10:59:28,086] None None None
ERROR in app: Error during initialization: Input X contains infinity or a value too large for dtype('float64').
----------------------------------------
Traceback (most recent call last):
  File "E:\PlayerAnalysis\app.py", line 137, in <module>
    model_trainer.train_prediction_models(data_loader.df)
  File "E:\PlayerAnalysis\services\model_trainer.py", line 115, in train_prediction_models
    X_scaled = scaler.fit_transform(X)
               ^^^^^^^^^^^^^^^^^^^^^^^
  File "E:\anaconda3\envs\myenv\Lib\site-packages\sklearn\utils\_set_output.py", line 319, in wrapped
    data_to_wrap = f(self, X, *args, **kwargs)
                   ^^^^^^^^^^^^^^^^^^^^^^^^^^^
  File "E:\anaconda3\envs\myenv\Lib\site-packages\sklearn\base.py", line 918, in fit_transform
    return self.fit(X, **fit_params).transform(X)
           ^^^^^^^^^^^^^^^^^^^^^^^^^
  File "E:\anaconda3\envs\myenv\Lib\site-packages\sklearn\preprocessing\_data.py", line 894, in fit
    return self.partial_fit(X, y, sample_weight)
           ^^^^^^^^^^^^^^^^^^^^^^^^^^^^^^^^^^^^^
  File "E:\anaconda3\envs\myenv\Lib\site-packages\sklearn\base.py", line 1389, in wrapper
    return fit_method(estimator, *args, **kwargs)
           ^^^^^^^^^^^^^^^^^^^^^^^^^^^^^^^^^^^^^^
  File "E:\anaconda3\envs\myenv\Lib\site-packages\sklearn\preprocessing\_data.py", line 930, in partial_fit
    X = validate_data(
        ^^^^^^^^^^^^^^
  File "E:\anaconda3\envs\myenv\Lib\site-packages\sklearn\utils\validation.py", line 2944, in validate_data
    out = check_array(X, input_name="X", **check_params)
          ^^^^^^^^^^^^^^^^^^^^^^^^^^^^^^^^^^^^^^^^^^^^^^
  File "E:\anaconda3\envs\myenv\Lib\site-packages\sklearn\utils\validation.py", line 1107, in check_array
    _assert_all_finite(
  File "E:\anaconda3\envs\myenv\Lib\site-packages\sklearn\utils\validation.py", line 120, in _assert_all_finite
    _assert_all_finite_element_wise(
  File "E:\anaconda3\envs\myenv\Lib\site-packages\sklearn\utils\validation.py", line 169, in _assert_all_finite_element_wise
    raise ValueError(msg_err)
ValueError: Input X contains infinity or a value too large for dtype('float64').
﻿[2025-03-16 11:00:51,433] None None None
INFO in logger: Application started
----------------------------------------
[2025-03-16 11:00:51,438] None None None
INFO in app: Initializing data loader...
----------------------------------------
[2025-03-16 11:00:51,474] None None None
INFO in app: Initializing model trainer...
----------------------------------------
[2025-03-16 11:01:01,813] None None None
ERROR in app: Error during initialization: 'PPG'
----------------------------------------
Traceback (most recent call last):
  File "E:\PlayerAnalysis\app.py", line 137, in <module>
    model_trainer.train_prediction_models(data_loader.df)
  File "E:\PlayerAnalysis\services\model_trainer.py", line 145, in train_prediction_models
    model_metrics = self.evaluate_model(metric, X, y)
                    ^^^^^^^^^^^^^^^^^^^^^^^^^^^^^^^^^
  File "E:\PlayerAnalysis\services\model_trainer.py", line 64, in evaluate_model
    X_train_scaled = self.scalers[metric].fit_transform(X_train)
                     ~~~~~~~~~~~~^^^^^^^^
KeyError: 'PPG'
﻿[2025-03-16 11:02:01,026] None None None
INFO in logger: Application started
----------------------------------------
[2025-03-16 11:02:01,031] None None None
INFO in app: Initializing data loader...
----------------------------------------
[2025-03-16 11:02:01,068] None None None
INFO in app: Initializing model trainer...
----------------------------------------
[2025-03-16 11:05:08,456] None None None
INFO in app: Setting up routes...
----------------------------------------
[2025-03-16 11:05:08,460] None None None
INFO in app: Application initialization complete
----------------------------------------
﻿[2025-03-16 11:05:10,005] None None None
INFO in logger: Application started
----------------------------------------
[2025-03-16 11:05:10,010] None None None
INFO in app: Initializing data loader...
----------------------------------------
[2025-03-16 11:05:10,047] None None None
INFO in app: Initializing model trainer...
----------------------------------------
[2025-03-16 11:05:11,747] None None None
INFO in app: Setting up routes...
----------------------------------------
[2025-03-16 11:05:11,751] None None None
INFO in app: Application initialization complete
----------------------------------------
[2025-03-16 11:05:43,049] 127.0.0.1 POST http://127.0.0.1:5000/upload
INFO in decorators: Route accessed: POST /upload
----------------------------------------
[2025-03-16 11:05:43,051] 127.0.0.1 POST http://127.0.0.1:5000/upload
WARNING in app: No file part
----------------------------------------
﻿[2025-03-16 11:09:44,715] None None None
INFO in logger: Application started
----------------------------------------
[2025-03-16 11:09:44,720] None None None
INFO in app: Initializing data loader...
----------------------------------------
[2025-03-16 11:09:44,756] None None None
INFO in app: Initializing model trainer...
----------------------------------------
[2025-03-16 11:09:46,172] None None None
INFO in app: Setting up routes...
----------------------------------------
[2025-03-16 11:09:46,175] None None None
INFO in app: Application initialization complete
----------------------------------------
[2025-03-16 11:10:00,910] 127.0.0.1 POST http://127.0.0.1:5000/upload
INFO in decorators: Route accessed: POST /upload
----------------------------------------
[2025-03-16 11:10:00,912] 127.0.0.1 POST http://127.0.0.1:5000/upload
WARNING in app: No file part
----------------------------------------
﻿[2025-03-16 11:10:16,804] None None None
INFO in logger: Application started
----------------------------------------
[2025-03-16 11:10:16,809] None None None
INFO in app: Initializing data loader...
----------------------------------------
[2025-03-16 11:10:16,844] None None None
INFO in app: Initializing model trainer...
----------------------------------------
[2025-03-16 11:10:18,192] None None None
INFO in app: Setting up routes...
----------------------------------------
[2025-03-16 11:10:18,196] None None None
INFO in app: Application initialization complete
----------------------------------------
﻿[2025-03-16 11:10:19,580] None None None
INFO in logger: Application started
----------------------------------------
[2025-03-16 11:10:19,585] None None None
INFO in app: Initializing data loader...
----------------------------------------
[2025-03-16 11:10:19,620] None None None
INFO in app: Initializing model trainer...
----------------------------------------
[2025-03-16 11:10:21,013] None None None
INFO in app: Setting up routes...
----------------------------------------
[2025-03-16 11:10:21,017] None None None
INFO in app: Application initialization complete
----------------------------------------
[2025-03-16 11:10:24,395] 127.0.0.1 POST http://127.0.0.1:5000/upload
INFO in decorators: Route accessed: POST /upload
----------------------------------------
[2025-03-16 11:10:24,396] 127.0.0.1 POST http://127.0.0.1:5000/upload
WARNING in app: No file part
----------------------------------------
[2025-03-16 11:18:46,851] 127.0.0.1 POST http://127.0.0.1:5000/upload
INFO in decorators: Route accessed: POST /upload
----------------------------------------
[2025-03-16 11:18:46,853] 127.0.0.1 POST http://127.0.0.1:5000/upload
WARNING in app: No file part
----------------------------------------
﻿[2025-03-16 11:20:07,509] None None None
INFO in logger: Application started
----------------------------------------
[2025-03-16 11:20:07,514] None None None
INFO in app: Initializing data loader...
----------------------------------------
[2025-03-16 11:20:07,550] None None None
INFO in app: Initializing model trainer...
----------------------------------------
[2025-03-16 11:20:09,020] None None None
INFO in app: Setting up routes...
----------------------------------------
[2025-03-16 11:20:09,024] None None None
INFO in app: Application initialization complete
----------------------------------------
﻿[2025-03-16 11:21:02,505] None None None
INFO in logger: Application started
----------------------------------------
[2025-03-16 11:21:02,510] None None None
INFO in app: Initializing data loader...
----------------------------------------
[2025-03-16 11:21:02,545] None None None
INFO in app: Initializing model trainer...
----------------------------------------
[2025-03-16 11:21:03,905] None None None
INFO in app: Setting up routes...
----------------------------------------
[2025-03-16 11:21:03,909] None None None
INFO in app: Application initialization complete
----------------------------------------
﻿[2025-03-16 11:21:05,330] None None None
INFO in logger: Application started
----------------------------------------
[2025-03-16 11:21:05,335] None None None
INFO in app: Initializing data loader...
----------------------------------------
[2025-03-16 11:21:05,370] None None None
INFO in app: Initializing model trainer...
----------------------------------------
[2025-03-16 11:21:06,801] None None None
INFO in app: Setting up routes...
----------------------------------------
[2025-03-16 11:21:06,804] None None None
INFO in app: Application initialization complete
----------------------------------------
[2025-03-16 11:21:21,674] 127.0.0.1 POST http://127.0.0.1:5000/upload
INFO in decorators: Route accessed: POST /upload
----------------------------------------
[2025-03-16 11:21:21,676] 127.0.0.1 POST http://127.0.0.1:5000/upload
WARNING in app: No file part
----------------------------------------
[2025-03-16 11:21:28,754] 127.0.0.1 POST http://127.0.0.1:5000/upload
INFO in decorators: Route accessed: POST /upload
----------------------------------------
[2025-03-16 11:21:28,756] 127.0.0.1 POST http://127.0.0.1:5000/upload
WARNING in app: No file part
----------------------------------------
﻿[2025-03-16 11:22:05,977] None None None
INFO in logger: Application started
----------------------------------------
[2025-03-16 11:22:05,982] None None None
INFO in app: Initializing data loader...
----------------------------------------
[2025-03-16 11:22:06,017] None None None
INFO in app: Initializing model trainer...
----------------------------------------
[2025-03-16 11:22:07,411] None None None
INFO in app: Setting up routes...
----------------------------------------
[2025-03-16 11:22:07,415] None None None
INFO in app: Application initialization complete
----------------------------------------
[2025-03-16 11:22:21,058] 127.0.0.1 POST http://127.0.0.1:5000/upload
INFO in decorators: Route accessed: POST /upload
----------------------------------------
[2025-03-16 11:22:21,060] 127.0.0.1 POST http://127.0.0.1:5000/upload
WARNING in app: No file part
----------------------------------------
﻿[2025-03-16 11:22:27,615] None None None
INFO in logger: Application started
----------------------------------------
[2025-03-16 11:22:27,620] None None None
INFO in app: Initializing data loader...
----------------------------------------
[2025-03-16 11:22:27,657] None None None
INFO in app: Initializing model trainer...
----------------------------------------
[2025-03-16 11:22:29,059] None None None
INFO in app: Setting up routes...
----------------------------------------
[2025-03-16 11:22:29,062] None None None
INFO in app: Application initialization complete
----------------------------------------
﻿[2025-03-16 11:22:30,497] None None None
INFO in logger: Application started
----------------------------------------
[2025-03-16 11:22:30,502] None None None
INFO in app: Initializing data loader...
----------------------------------------
[2025-03-16 11:22:30,537] None None None
INFO in app: Initializing model trainer...
----------------------------------------
[2025-03-16 11:22:31,936] None None None
INFO in app: Setting up routes...
----------------------------------------
[2025-03-16 11:22:31,939] None None None
INFO in app: Application initialization complete
----------------------------------------
﻿[2025-03-16 11:22:57,906] None None None
INFO in logger: Application started
----------------------------------------
[2025-03-16 11:22:57,911] None None None
INFO in app: Initializing data loader...
----------------------------------------
[2025-03-16 11:22:57,946] None None None
INFO in app: Initializing model trainer...
----------------------------------------
[2025-03-16 11:22:59,345] None None None
INFO in app: Setting up routes...
----------------------------------------
[2025-03-16 11:22:59,348] None None None
INFO in app: Application initialization complete
----------------------------------------
﻿[2025-03-16 11:23:02,713] None None None
INFO in logger: Application started
----------------------------------------
[2025-03-16 11:23:02,718] None None None
INFO in app: Initializing data loader...
----------------------------------------
[2025-03-16 11:23:02,754] None None None
INFO in app: Initializing model trainer...
----------------------------------------
[2025-03-16 11:23:04,115] None None None
INFO in app: Setting up routes...
----------------------------------------
[2025-03-16 11:23:04,119] None None None
INFO in app: Application initialization complete
----------------------------------------
﻿[2025-03-16 11:23:05,523] None None None
INFO in logger: Application started
----------------------------------------
[2025-03-16 11:23:05,528] None None None
INFO in app: Initializing data loader...
----------------------------------------
[2025-03-16 11:23:05,563] None None None
INFO in app: Initializing model trainer...
----------------------------------------
[2025-03-16 11:23:06,968] None None None
INFO in app: Setting up routes...
----------------------------------------
[2025-03-16 11:23:06,972] None None None
INFO in app: Application initialization complete
----------------------------------------
[2025-03-16 11:23:37,731] 127.0.0.1 POST http://127.0.0.1:5000/upload
INFO in decorators: Route accessed: POST /upload
----------------------------------------
[2025-03-16 11:23:37,732] 127.0.0.1 POST http://127.0.0.1:5000/upload
WARNING in app: No file part
----------------------------------------
﻿[2025-03-16 11:24:46,712] None None None
INFO in logger: Application started
----------------------------------------
[2025-03-16 11:24:46,717] None None None
INFO in app: Initializing data loader...
----------------------------------------
[2025-03-16 11:24:46,754] None None None
INFO in app: Initializing model trainer...
----------------------------------------
[2025-03-16 11:24:46,971] None None None
ERROR in app: Error during initialization: 'X_raw'
----------------------------------------
Traceback (most recent call last):
  File "E:\PlayerAnalysis\app.py", line 137, in <module>
    model_trainer.train_prediction_models(data_loader.df)
  File "E:\PlayerAnalysis\services\model_trainer.py", line 117, in train_prediction_models
    self.X_train_dict[metric] = training_data['X_raw']  # 存储原始数据
                                ~~~~~~~~~~~~~^^^^^^^^^
KeyError: 'X_raw'
﻿[2025-03-16 11:25:08,661] None None None
INFO in logger: Application started
----------------------------------------
[2025-03-16 11:25:08,666] None None None
INFO in app: Initializing data loader...
----------------------------------------
[2025-03-16 11:25:08,704] None None None
INFO in app: Initializing model trainer...
----------------------------------------
[2025-03-16 11:25:08,907] None None None
ERROR in app: Error during initialization: 'X_raw'
----------------------------------------
Traceback (most recent call last):
  File "E:\PlayerAnalysis\app.py", line 137, in <module>
    model_trainer.train_prediction_models(data_loader.df)
  File "E:\PlayerAnalysis\services\model_trainer.py", line 117, in train_prediction_models
    self.X_train_dict[metric] = training_data['X_raw']  # 存储原始数据
                                ~~~~~~~~~~~~~^^^^^^^^^
KeyError: 'X_raw'
﻿[2025-03-16 11:25:48,746] None None None
INFO in logger: Application started
----------------------------------------
[2025-03-16 11:25:48,751] None None None
INFO in app: Initializing data loader...
----------------------------------------
[2025-03-16 11:25:48,786] None None None
INFO in app: Initializing model trainer...
----------------------------------------
[2025-03-16 11:28:59,133] None None None
INFO in app: Setting up routes...
----------------------------------------
[2025-03-16 11:28:59,136] None None None
INFO in app: Application initialization complete
----------------------------------------
﻿[2025-03-16 11:29:00,670] None None None
INFO in logger: Application started
----------------------------------------
[2025-03-16 11:29:00,674] None None None
INFO in app: Initializing data loader...
----------------------------------------
[2025-03-16 11:29:00,709] None None None
INFO in app: Initializing model trainer...
----------------------------------------
[2025-03-16 11:29:02,325] None None None
INFO in app: Setting up routes...
----------------------------------------
[2025-03-16 11:29:02,329] None None None
INFO in app: Application initialization complete
----------------------------------------
[2025-03-16 11:29:03,804] 127.0.0.1 POST http://127.0.0.1:5000/upload
INFO in decorators: Route accessed: POST /upload
----------------------------------------
[2025-03-16 11:29:03,806] 127.0.0.1 POST http://127.0.0.1:5000/upload
WARNING in app: No file part
----------------------------------------
﻿[2025-03-16 11:29:48,596] None None None
INFO in logger: Application started
----------------------------------------
[2025-03-16 11:29:48,601] None None None
INFO in app: Initializing data loader...
----------------------------------------
[2025-03-16 11:29:48,637] None None None
INFO in app: Initializing model trainer...
----------------------------------------
[2025-03-16 11:29:50,196] None None None
INFO in app: Setting up routes...
----------------------------------------
[2025-03-16 11:29:50,200] None None None
INFO in app: Application initialization complete
----------------------------------------
﻿[2025-03-16 11:30:03,663] None None None
INFO in logger: Application started
----------------------------------------
[2025-03-16 11:30:03,668] None None None
INFO in app: Initializing data loader...
----------------------------------------
[2025-03-16 11:30:03,703] None None None
INFO in app: Initializing model trainer...
----------------------------------------
[2025-03-16 11:30:05,134] None None None
INFO in app: Setting up routes...
----------------------------------------
[2025-03-16 11:30:05,137] None None None
INFO in app: Application initialization complete
----------------------------------------
﻿[2025-03-16 11:30:06,636] None None None
INFO in logger: Application started
----------------------------------------
[2025-03-16 11:30:06,641] None None None
INFO in app: Initializing data loader...
----------------------------------------
[2025-03-16 11:30:06,679] None None None
INFO in app: Initializing model trainer...
----------------------------------------
[2025-03-16 11:30:08,134] None None None
INFO in app: Setting up routes...
----------------------------------------
[2025-03-16 11:30:08,137] None None None
INFO in app: Application initialization complete
----------------------------------------
[2025-03-16 11:30:19,297] 127.0.0.1 POST http://127.0.0.1:5000/upload
INFO in decorators: Route accessed: POST /upload
----------------------------------------
[2025-03-16 11:30:19,299] 127.0.0.1 POST http://127.0.0.1:5000/upload
WARNING in app: No file part
----------------------------------------
﻿[2025-03-16 11:31:22,542] None None None
INFO in logger: Application started
----------------------------------------
[2025-03-16 11:31:22,547] None None None
INFO in app: Initializing data loader...
----------------------------------------
[2025-03-16 11:31:22,585] None None None
INFO in app: Initializing model trainer...
----------------------------------------
[2025-03-16 11:31:24,153] None None None
INFO in app: Setting up routes...
----------------------------------------
[2025-03-16 11:31:24,156] None None None
INFO in app: Application initialization complete
----------------------------------------
﻿[2025-03-16 11:31:44,816] None None None
INFO in logger: Application started
----------------------------------------
[2025-03-16 11:31:44,820] None None None
INFO in app: Initializing data loader...
----------------------------------------
[2025-03-16 11:31:44,856] None None None
INFO in app: Initializing model trainer...
----------------------------------------
[2025-03-16 11:31:46,204] None None None
INFO in app: Setting up routes...
----------------------------------------
[2025-03-16 11:31:46,208] None None None
INFO in app: Application initialization complete
----------------------------------------
﻿[2025-03-16 11:31:47,749] None None None
INFO in logger: Application started
----------------------------------------
[2025-03-16 11:31:47,754] None None None
INFO in app: Initializing data loader...
----------------------------------------
[2025-03-16 11:31:47,794] None None None
INFO in app: Initializing model trainer...
----------------------------------------
[2025-03-16 11:31:49,305] None None None
INFO in app: Setting up routes...
----------------------------------------
[2025-03-16 11:31:49,308] None None None
INFO in app: Application initialization complete
----------------------------------------
[2025-03-16 11:31:49,392] 127.0.0.1 POST http://127.0.0.1:5000/upload
INFO in decorators: Route accessed: POST /upload
----------------------------------------
[2025-03-16 11:31:49,394] 127.0.0.1 POST http://127.0.0.1:5000/upload
WARNING in app: No file part
----------------------------------------
﻿[2025-03-16 11:33:20,904] None None None
INFO in logger: Application started
----------------------------------------
[2025-03-16 11:33:20,910] None None None
INFO in app: Initializing data loader...
----------------------------------------
[2025-03-16 11:33:20,948] None None None
INFO in app: Initializing model trainer...
----------------------------------------
[2025-03-16 11:33:22,469] None None None
INFO in app: Setting up routes...
----------------------------------------
[2025-03-16 11:33:22,472] None None None
INFO in app: Application initialization complete
----------------------------------------
﻿[2025-03-16 11:33:39,252] None None None
INFO in logger: Application started
----------------------------------------
[2025-03-16 11:33:39,257] None None None
INFO in app: Initializing data loader...
----------------------------------------
[2025-03-16 11:33:39,293] None None None
INFO in app: Initializing model trainer...
----------------------------------------
[2025-03-16 11:33:40,654] None None None
INFO in app: Setting up routes...
----------------------------------------
[2025-03-16 11:33:40,658] None None None
INFO in app: Application initialization complete
----------------------------------------
﻿[2025-03-16 11:33:42,069] None None None
INFO in logger: Application started
----------------------------------------
[2025-03-16 11:33:42,074] None None None
INFO in app: Initializing data loader...
----------------------------------------
[2025-03-16 11:33:42,111] None None None
INFO in app: Initializing model trainer...
----------------------------------------
[2025-03-16 11:33:43,518] None None None
INFO in app: Setting up routes...
----------------------------------------
[2025-03-16 11:33:43,522] None None None
INFO in app: Application initialization complete
----------------------------------------
[2025-03-16 11:33:45,093] 127.0.0.1 POST http://127.0.0.1:5000/upload
INFO in decorators: Route accessed: POST /upload
----------------------------------------
[2025-03-16 11:33:45,095] 127.0.0.1 POST http://127.0.0.1:5000/upload
WARNING in app: No file part
----------------------------------------
﻿[2025-03-16 11:39:22,357] None None None
INFO in logger: Application started
----------------------------------------
[2025-03-16 11:39:22,362] None None None
INFO in app: Initializing data loader...
----------------------------------------
[2025-03-16 11:39:22,398] None None None
INFO in app: Initializing model trainer...
----------------------------------------
[2025-03-16 11:39:23,743] None None None
INFO in app: Setting up routes...
----------------------------------------
[2025-03-16 11:39:23,747] None None None
INFO in app: Application initialization complete
----------------------------------------
﻿[2025-03-16 11:39:25,156] None None None
INFO in logger: Application started
----------------------------------------
[2025-03-16 11:39:25,161] None None None
INFO in app: Initializing data loader...
----------------------------------------
[2025-03-16 11:39:25,198] None None None
INFO in app: Initializing model trainer...
----------------------------------------
[2025-03-16 11:39:26,817] None None None
INFO in app: Setting up routes...
----------------------------------------
[2025-03-16 11:39:26,821] None None None
INFO in app: Application initialization complete
----------------------------------------
[2025-03-16 11:39:26,907] 127.0.0.1 POST http://127.0.0.1:5000/upload
INFO in decorators: Route accessed: POST /upload
----------------------------------------
[2025-03-16 11:39:26,908] 127.0.0.1 POST http://127.0.0.1:5000/upload
WARNING in app: No file part
----------------------------------------
﻿[2025-03-16 11:40:11,580] None None None
INFO in logger: Application started
----------------------------------------
[2025-03-16 11:40:11,585] None None None
INFO in app: Initializing data loader...
----------------------------------------
[2025-03-16 11:40:11,620] None None None
INFO in app: Initializing model trainer...
----------------------------------------
[2025-03-16 11:40:11,640] None None None
ERROR in app: Error during initialization: Input X contains infinity or a value too large for dtype('float64').
----------------------------------------
Traceback (most recent call last):
  File "E:\PlayerAnalysis\app.py", line 137, in <module>
    model_trainer.train_prediction_models(data_loader.df)
  File "E:\PlayerAnalysis\services\model_trainer.py", line 108, in train_prediction_models
    X_scaled = scaler.fit_transform(X)
               ^^^^^^^^^^^^^^^^^^^^^^^
  File "E:\anaconda3\envs\myenv\Lib\site-packages\sklearn\utils\_set_output.py", line 319, in wrapped
    data_to_wrap = f(self, X, *args, **kwargs)
                   ^^^^^^^^^^^^^^^^^^^^^^^^^^^
  File "E:\anaconda3\envs\myenv\Lib\site-packages\sklearn\base.py", line 918, in fit_transform
    return self.fit(X, **fit_params).transform(X)
           ^^^^^^^^^^^^^^^^^^^^^^^^^
  File "E:\anaconda3\envs\myenv\Lib\site-packages\sklearn\preprocessing\_data.py", line 894, in fit
    return self.partial_fit(X, y, sample_weight)
           ^^^^^^^^^^^^^^^^^^^^^^^^^^^^^^^^^^^^^
  File "E:\anaconda3\envs\myenv\Lib\site-packages\sklearn\base.py", line 1389, in wrapper
    return fit_method(estimator, *args, **kwargs)
           ^^^^^^^^^^^^^^^^^^^^^^^^^^^^^^^^^^^^^^
  File "E:\anaconda3\envs\myenv\Lib\site-packages\sklearn\preprocessing\_data.py", line 930, in partial_fit
    X = validate_data(
        ^^^^^^^^^^^^^^
  File "E:\anaconda3\envs\myenv\Lib\site-packages\sklearn\utils\validation.py", line 2944, in validate_data
    out = check_array(X, input_name="X", **check_params)
          ^^^^^^^^^^^^^^^^^^^^^^^^^^^^^^^^^^^^^^^^^^^^^^
  File "E:\anaconda3\envs\myenv\Lib\site-packages\sklearn\utils\validation.py", line 1107, in check_array
    _assert_all_finite(
  File "E:\anaconda3\envs\myenv\Lib\site-packages\sklearn\utils\validation.py", line 120, in _assert_all_finite
    _assert_all_finite_element_wise(
  File "E:\anaconda3\envs\myenv\Lib\site-packages\sklearn\utils\validation.py", line 169, in _assert_all_finite_element_wise
    raise ValueError(msg_err)
ValueError: Input X contains infinity or a value too large for dtype('float64').
﻿[2025-03-16 11:40:26,702] None None None
INFO in logger: Application started
----------------------------------------
[2025-03-16 11:40:26,707] None None None
INFO in app: Initializing data loader...
----------------------------------------
[2025-03-16 11:40:26,742] None None None
INFO in app: Initializing model trainer...
----------------------------------------
[2025-03-16 11:40:26,762] None None None
ERROR in app: Error during initialization: Input X contains infinity or a value too large for dtype('float64').
----------------------------------------
Traceback (most recent call last):
  File "E:\PlayerAnalysis\app.py", line 137, in <module>
    model_trainer.train_prediction_models(data_loader.df)
  File "E:\PlayerAnalysis\services\model_trainer.py", line 115, in train_prediction_models
    X_scaled = scaler.fit_transform(X)
               ^^^^^^^^^^^^^^^^^^^^^^^
  File "E:\anaconda3\envs\myenv\Lib\site-packages\sklearn\utils\_set_output.py", line 319, in wrapped
    data_to_wrap = f(self, X, *args, **kwargs)
                   ^^^^^^^^^^^^^^^^^^^^^^^^^^^
  File "E:\anaconda3\envs\myenv\Lib\site-packages\sklearn\base.py", line 918, in fit_transform
    return self.fit(X, **fit_params).transform(X)
           ^^^^^^^^^^^^^^^^^^^^^^^^^
  File "E:\anaconda3\envs\myenv\Lib\site-packages\sklearn\preprocessing\_data.py", line 894, in fit
    return self.partial_fit(X, y, sample_weight)
           ^^^^^^^^^^^^^^^^^^^^^^^^^^^^^^^^^^^^^
  File "E:\anaconda3\envs\myenv\Lib\site-packages\sklearn\base.py", line 1389, in wrapper
    return fit_method(estimator, *args, **kwargs)
           ^^^^^^^^^^^^^^^^^^^^^^^^^^^^^^^^^^^^^^
  File "E:\anaconda3\envs\myenv\Lib\site-packages\sklearn\preprocessing\_data.py", line 930, in partial_fit
    X = validate_data(
        ^^^^^^^^^^^^^^
  File "E:\anaconda3\envs\myenv\Lib\site-packages\sklearn\utils\validation.py", line 2944, in validate_data
    out = check_array(X, input_name="X", **check_params)
          ^^^^^^^^^^^^^^^^^^^^^^^^^^^^^^^^^^^^^^^^^^^^^^
  File "E:\anaconda3\envs\myenv\Lib\site-packages\sklearn\utils\validation.py", line 1107, in check_array
    _assert_all_finite(
  File "E:\anaconda3\envs\myenv\Lib\site-packages\sklearn\utils\validation.py", line 120, in _assert_all_finite
    _assert_all_finite_element_wise(
  File "E:\anaconda3\envs\myenv\Lib\site-packages\sklearn\utils\validation.py", line 169, in _assert_all_finite_element_wise
    raise ValueError(msg_err)
ValueError: Input X contains infinity or a value too large for dtype('float64').
﻿[2025-03-16 11:40:36,010] None None None
INFO in logger: Application started
----------------------------------------
[2025-03-16 11:40:36,014] None None None
INFO in app: Initializing data loader...
----------------------------------------
[2025-03-16 11:40:36,049] None None None
INFO in app: Initializing model trainer...
----------------------------------------
[2025-03-16 11:40:46,045] None None None
ERROR in app: Error during initialization: 'PPG'
----------------------------------------
Traceback (most recent call last):
  File "E:\PlayerAnalysis\app.py", line 137, in <module>
    model_trainer.train_prediction_models(data_loader.df)
  File "E:\PlayerAnalysis\services\model_trainer.py", line 145, in train_prediction_models
    model_metrics = self.evaluate_model(metric, X, y)
                    ^^^^^^^^^^^^^^^^^^^^^^^^^^^^^^^^^
  File "E:\PlayerAnalysis\services\model_trainer.py", line 64, in evaluate_model
    X_train_scaled = self.scalers[metric].fit_transform(X_train)
                     ~~~~~~~~~~~~^^^^^^^^
KeyError: 'PPG'
﻿[2025-03-16 11:40:55,474] None None None
INFO in logger: Application started
----------------------------------------
[2025-03-16 11:40:55,479] None None None
INFO in app: Initializing data loader...
----------------------------------------
[2025-03-16 11:40:55,513] None None None
INFO in app: Initializing model trainer...
----------------------------------------
[2025-03-16 11:44:03,293] None None None
INFO in app: Setting up routes...
----------------------------------------
[2025-03-16 11:44:03,297] None None None
INFO in app: Application initialization complete
----------------------------------------
﻿[2025-03-16 11:44:04,844] None None None
INFO in logger: Application started
----------------------------------------
[2025-03-16 11:44:04,849] None None None
INFO in app: Initializing data loader...
----------------------------------------
[2025-03-16 11:44:04,887] None None None
INFO in app: Initializing model trainer...
----------------------------------------
[2025-03-16 11:44:06,749] None None None
INFO in app: Setting up routes...
----------------------------------------
[2025-03-16 11:44:06,753] None None None
INFO in app: Application initialization complete
----------------------------------------
[2025-03-16 11:44:49,654] 127.0.0.1 POST http://127.0.0.1:5000/upload
INFO in decorators: Route accessed: POST /upload
----------------------------------------
[2025-03-16 11:44:49,656] 127.0.0.1 POST http://127.0.0.1:5000/upload
WARNING in app: No file part
----------------------------------------
﻿[2025-03-16 11:47:22,232] None None None
INFO in logger: Application started
----------------------------------------
[2025-03-16 11:47:22,236] None None None
INFO in app: Initializing data loader...
----------------------------------------
[2025-03-16 11:47:22,358] None None None
INFO in app: Initializing model trainer...
----------------------------------------
[2025-03-16 11:47:23,903] None None None
INFO in app: Setting up routes...
----------------------------------------
[2025-03-16 11:47:23,907] None None None
INFO in app: Application initialization complete
----------------------------------------
﻿[2025-03-16 11:47:25,414] None None None
INFO in logger: Application started
----------------------------------------
[2025-03-16 11:47:25,420] None None None
INFO in app: Initializing data loader...
----------------------------------------
[2025-03-16 11:47:25,464] None None None
INFO in app: Initializing model trainer...
----------------------------------------
[2025-03-16 11:47:26,984] None None None
INFO in app: Setting up routes...
----------------------------------------
[2025-03-16 11:47:26,987] None None None
INFO in app: Application initialization complete
----------------------------------------
[2025-03-16 11:47:33,456] 127.0.0.1 POST http://127.0.0.1:5000/upload
INFO in decorators: Route accessed: POST /upload
----------------------------------------
[2025-03-16 11:47:33,458] 127.0.0.1 POST http://127.0.0.1:5000/upload
WARNING in app: No file part
----------------------------------------
﻿[2025-03-16 11:48:14,216] None None None
INFO in logger: Application started
----------------------------------------
[2025-03-16 11:48:14,221] None None None
INFO in app: Initializing data loader...
----------------------------------------
[2025-03-16 11:48:14,257] None None None
INFO in app: Initializing model trainer...
----------------------------------------
[2025-03-16 11:48:15,645] None None None
INFO in app: Setting up routes...
----------------------------------------
[2025-03-16 11:48:15,648] None None None
INFO in app: Application initialization complete
----------------------------------------
﻿[2025-03-16 11:48:27,513] None None None
INFO in logger: Application started
----------------------------------------
[2025-03-16 11:48:27,517] None None None
INFO in app: Initializing data loader...
----------------------------------------
[2025-03-16 11:48:27,555] None None None
INFO in app: Initializing model trainer...
----------------------------------------
[2025-03-16 11:48:28,990] None None None
INFO in app: Setting up routes...
----------------------------------------
[2025-03-16 11:48:28,993] None None None
INFO in app: Application initialization complete
----------------------------------------
﻿[2025-03-16 11:51:03,781] None None None
INFO in logger: Application started
----------------------------------------
﻿[2025-03-16 11:51:06,725] None None None
INFO in logger: Application started
----------------------------------------
[2025-03-16 11:51:10,314] 127.0.0.1 POST http://127.0.0.1:5000/upload
INFO in decorators: Route accessed: POST /upload
----------------------------------------
﻿[2025-03-16 11:52:14,545] None None None
INFO in logger: Application started
----------------------------------------
﻿[2025-03-16 11:52:28,849] None None None
INFO in logger: Application started
----------------------------------------
﻿[2025-03-16 11:52:32,006] None None None
INFO in logger: Application started
----------------------------------------
[2025-03-16 11:52:34,546] 127.0.0.1 POST http://127.0.0.1:5000/upload
INFO in decorators: Route accessed: POST /upload
----------------------------------------
﻿[2025-03-16 11:53:15,584] None None None
INFO in logger: Application started
----------------------------------------
﻿[2025-03-16 11:53:21,914] None None None
INFO in logger: Application started
----------------------------------------
﻿[2025-03-16 11:53:33,402] None None None
INFO in logger: Application started
----------------------------------------
﻿[2025-03-16 11:53:36,641] None None None
INFO in logger: Application started
----------------------------------------
[2025-03-16 11:53:38,912] 127.0.0.1 POST http://127.0.0.1:5000/upload
INFO in decorators: Route accessed: POST /upload
----------------------------------------
﻿[2025-03-16 11:55:50,940] None None None
INFO in logger: Application started
----------------------------------------
﻿[2025-03-16 11:55:56,210] None None None
INFO in logger: Application started
----------------------------------------
﻿[2025-03-16 11:56:03,686] None None None
INFO in logger: Application started
----------------------------------------
﻿[2025-03-16 11:56:06,714] None None None
INFO in logger: Application started
----------------------------------------
[2025-03-16 11:56:15,099] 127.0.0.1 POST http://127.0.0.1:5000/upload
INFO in decorators: Route accessed: POST /upload
----------------------------------------
﻿[2025-03-16 11:57:55,805] None None None
INFO in logger: Application started
----------------------------------------
﻿[2025-03-16 11:58:36,335] None None None
INFO in logger: Application started
----------------------------------------
[2025-03-16 11:59:21,399] 127.0.0.1 POST http://127.0.0.1:5000/upload
INFO in decorators: Route accessed: POST /upload
----------------------------------------
﻿[2025-03-16 11:59:35,690] None None None
INFO in logger: Application started
----------------------------------------
﻿[2025-03-16 11:59:38,741] None None None
INFO in logger: Application started
----------------------------------------
[2025-03-16 11:59:49,008] 127.0.0.1 POST http://127.0.0.1:5000/upload
INFO in decorators: Route accessed: POST /upload
----------------------------------------
[2025-03-16 11:59:54,583] 127.0.0.1 POST http://127.0.0.1:5000/upload
INFO in decorators: Route accessed: POST /upload
----------------------------------------
[2025-03-16 12:00:29,840] 127.0.0.1 POST http://127.0.0.1:5000/upload
INFO in decorators: Route accessed: POST /upload
----------------------------------------
﻿[2025-03-16 12:01:29,969] None None None
INFO in logger: Application started
----------------------------------------
﻿[2025-03-16 12:01:48,090] None None None
INFO in logger: Application started
----------------------------------------
﻿[2025-03-16 12:04:55,979] None None None
INFO in logger: Application started
----------------------------------------
[2025-03-16 12:06:10,210] 127.0.0.1 POST http://127.0.0.1:5000/upload
INFO in decorators: Route accessed: POST /upload
----------------------------------------
﻿[2025-03-16 12:07:06,444] None None None
INFO in logger: Application started
----------------------------------------
[2025-03-16 12:08:08,306] 127.0.0.1 POST http://127.0.0.1:5000/upload
INFO in decorators: Route accessed: POST /upload
----------------------------------------
﻿[2025-03-16 12:52:38,583] None None None
INFO in logger: Application started
----------------------------------------
﻿[2025-03-16 12:52:42,045] None None None
INFO in logger: Application started
----------------------------------------
﻿[2025-03-16 12:58:44,802] None None None
INFO in logger: Application started
----------------------------------------
﻿[2025-03-16 12:58:47,742] None None None
INFO in logger: Application started
----------------------------------------
[2025-03-16 12:58:51,183] 127.0.0.1 POST http://127.0.0.1:5000/upload
INFO in decorators: Route accessed: POST /upload
----------------------------------------
﻿[2025-03-16 13:01:15,204] None None None
INFO in logger: Application started
----------------------------------------
﻿[2025-03-16 13:06:37,598] None None None
INFO in logger: Application started
----------------------------------------
﻿[2025-03-16 13:06:40,500] None None None
INFO in logger: Application started
----------------------------------------
﻿[2025-03-16 13:07:41,284] None None None
INFO in logger: Application started
----------------------------------------
[2025-03-16 13:08:23,639] 127.0.0.1 POST http://127.0.0.1:5000/upload
INFO in decorators: Route accessed: POST /upload
----------------------------------------
﻿[2025-03-16 13:08:48,964] None None None
INFO in logger: Application started
----------------------------------------
﻿[2025-03-16 13:08:52,092] None None None
INFO in logger: Application started
----------------------------------------
﻿[2025-03-16 13:10:26,674] None None None
INFO in logger: Application started
----------------------------------------
﻿[2025-03-16 13:10:29,732] None None None
INFO in logger: Application started
----------------------------------------
﻿[2025-03-16 13:13:28,413] None None None
INFO in logger: Application started
----------------------------------------
﻿[2025-03-16 13:13:31,592] None None None
INFO in logger: Application started
----------------------------------------
[2025-03-16 13:26:40,540] 127.0.0.1 POST http://127.0.0.1:5000/upload
INFO in decorators: Route accessed: POST /upload
----------------------------------------
﻿[2025-03-16 13:29:58,798] None None None
INFO in logger: Application started
----------------------------------------
﻿[2025-03-16 13:30:27,537] None None None
INFO in logger: Application started
----------------------------------------
﻿[2025-03-16 13:30:55,310] None None None
INFO in logger: Application started
----------------------------------------
[2025-03-16 13:31:00,829] 127.0.0.1 POST http://127.0.0.1:5000/upload
INFO in decorators: Route accessed: POST /upload
----------------------------------------
[2025-03-16 13:31:23,865] 127.0.0.1 POST http://127.0.0.1:5000/upload
INFO in decorators: Route accessed: POST /upload
----------------------------------------
[2025-03-16 13:31:35,098] 127.0.0.1 POST http://127.0.0.1:5000/upload
INFO in decorators: Route accessed: POST /upload
----------------------------------------
﻿[2025-03-16 13:39:39,614] None None None
INFO in logger: Application started
----------------------------------------
﻿[2025-03-16 13:39:41,304] None None None
INFO in logger: Application started
----------------------------------------
[2025-03-16 13:39:46,547] 127.0.0.1 POST http://127.0.0.1:5000/upload
INFO in decorators: Route accessed: POST /upload
----------------------------------------
[2025-03-16 13:39:58,777] 127.0.0.1 POST http://127.0.0.1:5000/upload
INFO in decorators: Route accessed: POST /upload
----------------------------------------
﻿[2025-03-16 13:40:26,693] None None None
INFO in logger: Application started
----------------------------------------
﻿[2025-03-16 13:40:28,412] None None None
INFO in logger: Application started
----------------------------------------
[2025-03-16 13:40:32,340] 127.0.0.1 POST http://127.0.0.1:5000/upload
INFO in decorators: Route accessed: POST /upload
----------------------------------------
[2025-03-16 13:40:40,798] 127.0.0.1 POST http://127.0.0.1:5000/upload
INFO in decorators: Route accessed: POST /upload
----------------------------------------
﻿[2025-03-16 13:42:55,137] None None None
INFO in logger: Application started
----------------------------------------
﻿[2025-03-16 13:43:22,523] None None None
INFO in logger: Application started
----------------------------------------
[2025-03-16 13:43:30,432] 127.0.0.1 POST http://127.0.0.1:5000/upload
INFO in decorators: Route accessed: POST /upload
----------------------------------------
[2025-03-16 13:43:59,362] 127.0.0.1 POST http://127.0.0.1:5000/upload
INFO in decorators: Route accessed: POST /upload
----------------------------------------
[2025-03-16 13:46:03,723] 127.0.0.1 POST http://127.0.0.1:5000/upload
INFO in decorators: Route accessed: POST /upload
----------------------------------------
﻿[2025-03-16 13:46:40,449] None None None
INFO in logger: Application started
----------------------------------------
﻿[2025-03-16 13:46:42,219] None None None
INFO in logger: Application started
----------------------------------------
[2025-03-16 13:46:53,234] 127.0.0.1 POST http://127.0.0.1:5000/upload
INFO in decorators: Route accessed: POST /upload
----------------------------------------
[2025-03-16 13:47:03,895] 127.0.0.1 POST http://127.0.0.1:5000/upload
INFO in decorators: Route accessed: POST /upload
----------------------------------------
[2025-03-16 13:47:12,339] 127.0.0.1 POST http://127.0.0.1:5000/upload
INFO in decorators: Route accessed: POST /upload
----------------------------------------
﻿[2025-03-16 14:28:33,347] None None None
INFO in logger: Application started
----------------------------------------
[2025-03-16 14:30:10,001] 127.0.0.1 POST http://127.0.0.1:5000/upload
INFO in decorators: Route accessed: POST /upload
----------------------------------------
[2025-03-16 14:30:18,168] 127.0.0.1 POST http://127.0.0.1:5000/upload
INFO in decorators: Route accessed: POST /upload
----------------------------------------
﻿[2025-03-16 14:35:34,351] None None None
INFO in logger: Application started
----------------------------------------
﻿[2025-03-16 14:35:36,149] None None None
INFO in logger: Application started
----------------------------------------
[2025-03-16 14:35:41,151] 127.0.0.1 POST http://127.0.0.1:5000/upload
INFO in decorators: Route accessed: POST /upload
----------------------------------------
﻿[2025-03-16 14:36:24,550] None None None
INFO in logger: Application started
----------------------------------------
﻿[2025-03-16 14:36:40,677] None None None
INFO in logger: Application started
----------------------------------------
﻿[2025-03-16 14:36:46,123] None None None
INFO in logger: Application started
----------------------------------------
﻿[2025-03-16 14:36:47,841] None None None
INFO in logger: Application started
----------------------------------------
[2025-03-16 14:37:02,168] 127.0.0.1 POST http://127.0.0.1:5000/upload
INFO in decorators: Route accessed: POST /upload
----------------------------------------
﻿[2025-03-16 14:43:48,009] None None None
INFO in logger: Application started
----------------------------------------
﻿[2025-03-16 14:46:41,322] None None None
INFO in logger: Application started
----------------------------------------
﻿[2025-03-16 14:46:54,349] None None None
INFO in logger: Application started
----------------------------------------
﻿[2025-03-16 14:48:16,894] None None None
INFO in logger: Application started
----------------------------------------
﻿[2025-03-16 14:48:21,124] None None None
INFO in logger: Application started
----------------------------------------
﻿[2025-03-16 14:48:22,822] None None None
INFO in logger: Application started
----------------------------------------
[2025-03-16 14:48:44,564] 127.0.0.1 POST http://127.0.0.1:5000/upload
INFO in decorators: Route accessed: POST /upload
----------------------------------------
[2025-03-16 14:49:06,095] 127.0.0.1 POST http://127.0.0.1:5000/upload
INFO in decorators: Route accessed: POST /upload
----------------------------------------
﻿[2025-03-16 14:49:57,717] None None None
INFO in logger: Application started
----------------------------------------
﻿[2025-03-16 14:49:59,409] None None None
INFO in logger: Application started
----------------------------------------
[2025-03-16 14:50:04,102] 127.0.0.1 POST http://127.0.0.1:5000/upload
INFO in decorators: Route accessed: POST /upload
----------------------------------------
﻿[2025-03-16 14:50:40,899] None None None
INFO in logger: Application started
----------------------------------------
﻿[2025-03-16 14:50:42,600] None None None
INFO in logger: Application started
----------------------------------------
[2025-03-16 14:50:51,806] 127.0.0.1 POST http://127.0.0.1:5000/upload
INFO in decorators: Route accessed: POST /upload
----------------------------------------
﻿[2025-03-16 14:52:01,109] None None None
INFO in logger: Application started
----------------------------------------
﻿[2025-03-16 14:52:28,309] None None None
INFO in logger: Application started
----------------------------------------
﻿[2025-03-16 14:53:07,625] None None None
INFO in logger: Application started
----------------------------------------
﻿[2025-03-16 14:53:10,200] None None None
INFO in logger: Application started
----------------------------------------
﻿[2025-03-16 14:53:11,949] None None None
INFO in logger: Application started
----------------------------------------
[2025-03-16 14:53:16,701] 127.0.0.1 POST http://127.0.0.1:5000/upload
INFO in decorators: Route accessed: POST /upload
----------------------------------------
﻿[2025-03-16 14:54:02,357] None None None
INFO in logger: Application started
----------------------------------------
[2025-03-16 14:54:11,535] 127.0.0.1 POST http://127.0.0.1:5000/upload
INFO in decorators: Route accessed: POST /upload
----------------------------------------
﻿[2025-03-16 14:54:30,461] None None None
INFO in logger: Application started
----------------------------------------
﻿[2025-03-16 14:54:43,628] None None None
INFO in logger: Application started
----------------------------------------
﻿[2025-03-16 14:54:51,129] None None None
INFO in logger: Application started
----------------------------------------
﻿[2025-03-16 14:54:52,901] None None None
INFO in logger: Application started
----------------------------------------
[2025-03-16 14:55:04,517] 127.0.0.1 POST http://127.0.0.1:5000/upload
INFO in decorators: Route accessed: POST /upload
----------------------------------------
﻿[2025-03-16 14:56:30,386] None None None
INFO in logger: Application started
----------------------------------------
﻿[2025-03-16 14:56:30,649] None None None
INFO in logger: Application started
----------------------------------------
﻿[2025-03-16 14:56:45,540] None None None
INFO in logger: Application started
----------------------------------------
﻿[2025-03-16 14:56:45,732] None None None
INFO in logger: Application started
----------------------------------------
﻿[2025-03-16 14:57:02,196] None None None
INFO in logger: Application started
----------------------------------------
﻿[2025-03-16 14:57:04,036] None None None
INFO in logger: Application started
----------------------------------------
[2025-03-16 14:57:08,108] 127.0.0.1 POST http://127.0.0.1:5000/upload
INFO in decorators: Route accessed: POST /upload
----------------------------------------
﻿[2025-03-16 14:58:33,699] None None None
INFO in logger: Application started
----------------------------------------
﻿[2025-03-16 14:58:34,376] None None None
INFO in logger: Application started
----------------------------------------
﻿[2025-03-16 14:59:14,682] None None None
INFO in logger: Application started
----------------------------------------
﻿[2025-03-16 14:59:15,084] None None None
INFO in logger: Application started
----------------------------------------
﻿[2025-03-16 14:59:19,673] None None None
INFO in logger: Application started
----------------------------------------
﻿[2025-03-16 14:59:20,068] None None None
INFO in logger: Application started
----------------------------------------
﻿[2025-03-16 14:59:30,191] None None None
INFO in logger: Application started
----------------------------------------
﻿[2025-03-16 14:59:31,914] None None None
INFO in logger: Application started
----------------------------------------
[2025-03-16 14:59:34,446] 127.0.0.1 POST http://127.0.0.1:5000/upload
INFO in decorators: Route accessed: POST /upload
----------------------------------------
﻿[2025-03-16 15:00:23,524] None None None
INFO in logger: Application started
----------------------------------------
﻿[2025-03-16 15:00:24,252] None None None
INFO in logger: Application started
----------------------------------------
﻿[2025-03-16 15:00:28,213] None None None
INFO in logger: Application started
----------------------------------------
﻿[2025-03-16 15:00:28,512] None None None
INFO in logger: Application started
----------------------------------------
﻿[2025-03-16 15:00:46,367] None None None
INFO in logger: Application started
----------------------------------------
﻿[2025-03-16 15:00:48,148] None None None
INFO in logger: Application started
----------------------------------------
[2025-03-16 15:00:53,111] 127.0.0.1 POST http://127.0.0.1:5000/upload
INFO in decorators: Route accessed: POST /upload
----------------------------------------
[2025-03-16 15:02:31,160] 127.0.0.1 POST http://127.0.0.1:5000/upload
INFO in decorators: Route accessed: POST /upload
----------------------------------------
﻿[2025-03-16 15:04:49,330] None None None
INFO in logger: Application started
----------------------------------------
﻿[2025-03-16 15:04:51,036] None None None
INFO in logger: Application started
----------------------------------------
[2025-03-16 15:04:56,291] 127.0.0.1 POST http://127.0.0.1:5000/upload
INFO in decorators: Route accessed: POST /upload
----------------------------------------
[2025-03-16 15:05:22,273] 127.0.0.1 POST http://127.0.0.1:5000/upload
INFO in decorators: Route accessed: POST /upload
----------------------------------------
[2025-03-16 15:05:34,384] 127.0.0.1 POST http://127.0.0.1:5000/upload
INFO in decorators: Route accessed: POST /upload
----------------------------------------
﻿[2025-03-16 15:08:29,140] None None None
INFO in logger: Application started
----------------------------------------
﻿[2025-03-16 15:08:30,860] None None None
INFO in logger: Application started
----------------------------------------
[2025-03-16 15:08:35,724] 127.0.0.1 POST http://127.0.0.1:5000/upload
INFO in decorators: Route accessed: POST /upload
----------------------------------------
[2025-03-16 15:08:48,752] 127.0.0.1 POST http://127.0.0.1:5000/upload
INFO in decorators: Route accessed: POST /upload
----------------------------------------
﻿[2025-03-16 15:12:26,833] None None None
INFO in logger: Application started
----------------------------------------
﻿[2025-03-16 15:12:28,559] None None None
INFO in logger: Application started
----------------------------------------
[2025-03-16 15:12:36,106] 127.0.0.1 POST http://127.0.0.1:5000/upload
INFO in decorators: Route accessed: POST /upload
----------------------------------------
[2025-03-16 15:13:12,521] 127.0.0.1 POST http://127.0.0.1:5000/upload
INFO in decorators: Route accessed: POST /upload
----------------------------------------
﻿[2025-03-16 15:24:53,433] None None None
INFO in logger: Application started
----------------------------------------
﻿[2025-03-16 15:24:57,319] None None None
INFO in logger: Application started
----------------------------------------
﻿[2025-03-16 15:25:04,236] None None None
INFO in logger: Application started
----------------------------------------
﻿[2025-03-16 15:28:06,513] None None None
INFO in logger: Application started
----------------------------------------
﻿[2025-03-16 15:28:09,360] None None None
INFO in logger: Application started
----------------------------------------
﻿[2025-03-16 15:28:13,240] None None None
INFO in logger: Application started
----------------------------------------
﻿[2025-03-16 15:28:17,098] None None None
INFO in logger: Application started
----------------------------------------
﻿[2025-03-16 15:28:35,050] None None None
INFO in logger: Application started
----------------------------------------
﻿[2025-03-16 15:32:28,628] None None None
INFO in logger: Application started
----------------------------------------
﻿[2025-03-16 15:32:30,357] None None None
INFO in logger: Application started
----------------------------------------
[2025-03-16 15:32:33,002] 127.0.0.1 POST http://127.0.0.1:5000/upload
INFO in decorators: Route accessed: POST /upload
----------------------------------------
[2025-03-16 15:34:30,592] 127.0.0.1 POST http://127.0.0.1:5000/upload
INFO in decorators: Route accessed: POST /upload
----------------------------------------
[2025-03-16 15:46:08,568] 127.0.0.1 POST http://127.0.0.1:5000/upload
INFO in decorators: Route accessed: POST /upload
----------------------------------------
﻿[2025-03-16 15:54:12,766] None None None
INFO in logger: Application started
----------------------------------------
﻿[2025-03-16 15:54:40,608] None None None
INFO in logger: Application started
----------------------------------------
[2025-03-16 15:54:53,854] 127.0.0.1 POST http://127.0.0.1:5000/upload
INFO in decorators: Route accessed: POST /upload
----------------------------------------
﻿[2025-03-16 15:57:54,068] None None None
INFO in logger: Application started
----------------------------------------
﻿[2025-03-16 15:58:01,957] None None None
INFO in logger: Application started
----------------------------------------
﻿[2025-03-16 15:58:05,893] None None None
INFO in logger: Application started
----------------------------------------
[2025-03-16 15:58:36,592] 127.0.0.1 POST http://127.0.0.1:5000/upload
INFO in decorators: Route accessed: POST /upload
----------------------------------------
﻿[2025-03-16 16:04:55,898] None None None
INFO in logger: Application started
----------------------------------------
﻿[2025-03-16 16:04:57,793] None None None
INFO in logger: Application started
----------------------------------------
[2025-03-16 16:05:08,050] 127.0.0.1 POST http://127.0.0.1:5000/upload
INFO in decorators: Route accessed: POST /upload
----------------------------------------
﻿[2025-03-16 16:07:01,446] None None None
INFO in logger: Application started
----------------------------------------
﻿[2025-03-16 16:07:03,074] None None None
INFO in logger: Application started
----------------------------------------
[2025-03-16 16:07:13,978] 127.0.0.1 POST http://127.0.0.1:5000/upload
INFO in decorators: Route accessed: POST /upload
----------------------------------------
﻿[2025-03-16 16:17:20,781] None None None
INFO in logger: Application started
----------------------------------------
﻿[2025-03-16 16:17:23,610] None None None
INFO in logger: Application started
----------------------------------------
﻿[2025-03-16 16:17:27,457] None None None
INFO in logger: Application started
----------------------------------------
﻿[2025-03-16 16:17:30,013] None None None
INFO in logger: Application started
----------------------------------------
﻿[2025-03-16 16:17:31,798] None None None
INFO in logger: Application started
----------------------------------------
[2025-03-16 16:17:34,399] 127.0.0.1 POST http://127.0.0.1:5000/upload
INFO in decorators: Route accessed: POST /upload
----------------------------------------
﻿[2025-03-16 16:19:36,722] None None None
INFO in logger: Application started
----------------------------------------
[2025-03-16 16:19:41,734] 127.0.0.1 POST http://127.0.0.1:5000/upload
INFO in decorators: Route accessed: POST /upload
----------------------------------------
﻿[2025-03-16 16:20:08,450] None None None
INFO in logger: Application started
----------------------------------------
﻿[2025-03-16 16:20:10,114] None None None
INFO in logger: Application started
----------------------------------------
[2025-03-16 16:20:14,354] 127.0.0.1 POST http://127.0.0.1:5000/upload
INFO in decorators: Route accessed: POST /upload
----------------------------------------
[2025-03-16 16:22:55,381] 127.0.0.1 POST http://127.0.0.1:5000/upload
INFO in decorators: Route accessed: POST /upload
----------------------------------------
﻿[2025-03-16 16:27:26,526] None None None
INFO in logger: Application started
----------------------------------------
﻿[2025-03-16 16:27:29,421] None None None
INFO in logger: Application started
----------------------------------------
﻿[2025-03-16 16:27:49,431] None None None
INFO in logger: Application started
----------------------------------------
[2025-03-16 16:45:11,570] 127.0.0.1 POST http://127.0.0.1:5000/upload
INFO in decorators: Route accessed: POST /upload
----------------------------------------
[2025-03-16 16:45:29,438] 127.0.0.1 POST http://127.0.0.1:5000/upload
INFO in decorators: Route accessed: POST /upload
----------------------------------------
[2025-03-16 16:59:42,631] 127.0.0.1 POST http://127.0.0.1:5000/upload
INFO in decorators: Route accessed: POST /upload
----------------------------------------
﻿[2025-03-16 17:15:07,179] None None None
INFO in logger: Application started
----------------------------------------
﻿[2025-03-16 17:15:10,113] None None None
INFO in logger: Application started
----------------------------------------
﻿[2025-03-16 17:15:27,105] None None None
INFO in logger: Application started
----------------------------------------
﻿[2025-03-16 17:15:47,124] None None None
INFO in logger: Application started
----------------------------------------
﻿[2025-03-16 17:15:55,275] None None None
INFO in logger: Application started
----------------------------------------
﻿[2025-03-16 17:15:57,025] None None None
INFO in logger: Application started
----------------------------------------
﻿[2025-03-16 18:56:26,231] None None None
INFO in logger: Application started
----------------------------------------
﻿[2025-03-16 18:56:28,079] None None None
INFO in logger: Application started
----------------------------------------
[2025-03-16 18:56:35,798] 127.0.0.1 POST http://127.0.0.1:5000/upload
INFO in decorators: Route accessed: POST /upload
----------------------------------------
[2025-03-16 18:57:13,330] 127.0.0.1 POST http://127.0.0.1:5000/upload
INFO in decorators: Route accessed: POST /upload
----------------------------------------
[2025-03-16 18:57:25,814] 127.0.0.1 POST http://127.0.0.1:5000/upload
INFO in decorators: Route accessed: POST /upload
----------------------------------------
﻿[2025-03-16 20:19:29,068] None None None
INFO in logger: Application started
----------------------------------------
﻿[2025-03-16 20:31:29,843] None None None
INFO in logger: Application started
----------------------------------------
[2025-03-16 20:44:15,095] 127.0.0.1 POST http://127.0.0.1:5000/upload
INFO in decorators: Route accessed: POST /upload
----------------------------------------
﻿[2025-03-16 20:49:58,983] None None None
INFO in logger: Application started
----------------------------------------
﻿[2025-03-16 20:50:24,084] None None None
INFO in logger: Application started
----------------------------------------
﻿[2025-03-16 20:51:44,761] None None None
INFO in logger: Application started
----------------------------------------
﻿[2025-03-16 20:51:46,424] None None None
INFO in logger: Application started
----------------------------------------
[2025-03-16 20:51:49,924] 127.0.0.1 POST http://127.0.0.1:5000/upload
INFO in decorators: Route accessed: POST /upload
----------------------------------------
﻿[2025-03-16 20:52:25,725] None None None
INFO in logger: Application started
----------------------------------------
﻿[2025-03-16 20:55:44,996] None None None
INFO in logger: Application started
----------------------------------------
﻿[2025-03-16 20:59:55,464] None None None
INFO in logger: Application started
----------------------------------------
﻿[2025-03-16 21:00:16,927] None None None
INFO in logger: Application started
----------------------------------------
﻿[2025-03-16 21:00:22,178] None None None
INFO in logger: Application started
----------------------------------------
﻿[2025-03-16 21:00:23,854] None None None
INFO in logger: Application started
----------------------------------------
[2025-03-16 21:00:30,054] 127.0.0.1 POST http://127.0.0.1:5000/upload
INFO in decorators: Route accessed: POST /upload
----------------------------------------
﻿[2025-03-16 21:05:55,233] None None None
INFO in logger: Application started
----------------------------------------
﻿[2025-03-16 21:06:37,638] None None None
INFO in logger: Application started
----------------------------------------
﻿[2025-03-16 21:07:34,955] None None None
INFO in logger: Application started
----------------------------------------
﻿[2025-03-16 21:09:32,828] None None None
INFO in logger: Application started
----------------------------------------
﻿[2025-03-16 21:10:09,093] None None None
INFO in logger: Application started
----------------------------------------
﻿[2025-03-16 21:10:27,185] None None None
INFO in logger: Application started
----------------------------------------
﻿[2025-03-16 21:10:49,196] None None None
INFO in logger: Application started
----------------------------------------
﻿[2025-03-16 21:10:50,954] None None None
INFO in logger: Application started
----------------------------------------
[2025-03-16 21:10:55,523] 127.0.0.1 POST http://127.0.0.1:5000/upload
INFO in decorators: Route accessed: POST /upload
----------------------------------------
﻿[2025-03-16 21:12:14,927] None None None
INFO in logger: Application started
----------------------------------------
﻿[2025-03-16 21:12:15,529] None None None
INFO in logger: Application started
----------------------------------------
﻿[2025-03-16 21:14:33,569] None None None
INFO in logger: Application started
----------------------------------------
﻿[2025-03-16 21:14:33,966] None None None
INFO in logger: Application started
----------------------------------------
[2025-03-16 21:22:52,870] 127.0.0.1 POST http://127.0.0.1:5000/upload
INFO in decorators: Route accessed: POST /upload
----------------------------------------
[2025-03-16 21:22:52,873] 127.0.0.1 POST http://127.0.0.1:5000/upload
INFO in decorators: Route accessed: POST /upload
----------------------------------------
﻿[2025-03-16 21:28:25,026] None None None
INFO in logger: Application started
----------------------------------------
﻿[2025-03-16 21:28:25,410] None None None
INFO in logger: Application started
----------------------------------------
﻿[2025-03-16 21:42:04,126] None None None
INFO in logger: Application started
----------------------------------------
﻿[2025-03-16 21:48:13,975] None None None
INFO in logger: Application started
----------------------------------------
﻿[2025-03-16 21:55:08,419] None None None
INFO in logger: Application started
----------------------------------------
﻿[2025-03-17 09:51:48,574] None None None
INFO in logger: Application started
----------------------------------------
﻿[2025-03-17 09:57:21,877] None None None
INFO in logger: Application started
----------------------------------------
﻿[2025-03-17 09:58:59,791] None None None
INFO in logger: Application started
----------------------------------------
[2025-03-17 10:02:52,843] 127.0.0.1 POST http://127.0.0.1:5000/upload
INFO in decorators: Route accessed: POST /upload
----------------------------------------
﻿[2025-03-17 10:03:58,102] None None None
INFO in logger: Application started
----------------------------------------
﻿[2025-03-17 10:06:18,616] None None None
INFO in logger: Application started
----------------------------------------
﻿[2025-03-17 10:08:56,026] None None None
INFO in logger: Application started
----------------------------------------
[2025-03-17 10:11:15,306] 127.0.0.1 POST http://127.0.0.1:5000/upload
INFO in decorators: Route accessed: POST /upload
----------------------------------------
﻿[2025-03-17 10:20:35,950] None None None
INFO in logger: Application started
----------------------------------------
﻿[2025-03-17 10:22:16,061] None None None
INFO in logger: Application started
----------------------------------------
[2025-03-17 10:23:56,045] 127.0.0.1 POST http://127.0.0.1:5000/upload
INFO in decorators: Route accessed: POST /upload
----------------------------------------
[2025-03-17 10:23:56,048] 127.0.0.1 POST http://127.0.0.1:5000/upload
INFO in decorators: Route accessed: POST /upload
----------------------------------------
[2025-03-17 10:24:18,934] 127.0.0.1 POST http://127.0.0.1:5000/upload
INFO in decorators: Route accessed: POST /upload
----------------------------------------
[2025-03-17 10:24:40,338] 127.0.0.1 POST http://127.0.0.1:5000/upload
INFO in decorators: Route accessed: POST /upload
----------------------------------------
[2025-03-17 10:25:01,010] 127.0.0.1 POST http://127.0.0.1:5000/upload
INFO in decorators: Route accessed: POST /upload
----------------------------------------
[2025-03-17 10:25:15,401] 127.0.0.1 POST http://127.0.0.1:5000/upload
INFO in decorators: Route accessed: POST /upload
----------------------------------------
﻿[2025-03-17 10:26:50,143] None None None
INFO in logger: Application started
----------------------------------------
[2025-03-17 10:28:52,093] 127.0.0.1 POST http://127.0.0.1:5000/upload
INFO in decorators: Route accessed: POST /upload
----------------------------------------
[2025-03-17 10:30:16,639] 127.0.0.1 POST http://127.0.0.1:5000/upload
INFO in decorators: Route accessed: POST /upload
----------------------------------------
﻿[2025-03-17 10:40:22,088] None None None
INFO in logger: Application started
----------------------------------------
[2025-03-17 10:42:32,083] 127.0.0.1 POST http://127.0.0.1:5000/upload
INFO in decorators: Route accessed: POST /upload
----------------------------------------
﻿[2025-03-17 11:16:14,078] None None None
INFO in logger: Application started
----------------------------------------
﻿[2025-03-17 11:17:51,825] None None None
INFO in logger: Application started
----------------------------------------
[2025-03-17 11:19:39,710] 127.0.0.1 POST http://127.0.0.1:5000/upload
INFO in decorators: Route accessed: POST /upload
----------------------------------------
[2025-03-17 11:19:46,275] 127.0.0.1 POST http://127.0.0.1:5000/upload
INFO in decorators: Route accessed: POST /upload
----------------------------------------
﻿[2025-03-17 11:25:27,812] None None None
INFO in logger: Application started
----------------------------------------
[2025-03-17 11:27:24,939] 127.0.0.1 POST http://127.0.0.1:5000/upload
INFO in decorators: Route accessed: POST /upload
----------------------------------------
﻿[2025-03-17 11:29:33,364] None None None
INFO in logger: Application started
----------------------------------------
﻿[2025-03-17 11:32:04,416] None None None
INFO in logger: Application started
----------------------------------------
﻿[2025-03-17 11:35:11,962] None None None
INFO in logger: Application started
----------------------------------------
[2025-03-17 11:36:55,206] 127.0.0.1 POST http://127.0.0.1:5000/upload
INFO in decorators: Route accessed: POST /upload
----------------------------------------
[2025-03-17 11:37:00,731] 127.0.0.1 POST http://127.0.0.1:5000/upload
INFO in decorators: Route accessed: POST /upload
----------------------------------------
﻿[2025-03-17 11:39:25,844] None None None
INFO in logger: Application started
----------------------------------------
[2025-03-17 11:41:33,625] 127.0.0.1 POST http://127.0.0.1:5000/upload
INFO in decorators: Route accessed: POST /upload
----------------------------------------
﻿[2025-03-17 11:41:54,058] None None None
INFO in logger: Application started
----------------------------------------
[2025-03-17 11:45:38,309] 127.0.0.1 POST http://127.0.0.1:5000/upload
INFO in decorators: Route accessed: POST /upload
----------------------------------------
﻿[2025-03-17 11:45:41,139] None None None
INFO in logger: Application started
----------------------------------------
[2025-03-17 11:47:42,097] 127.0.0.1 POST http://127.0.0.1:5000/upload
INFO in decorators: Route accessed: POST /upload
----------------------------------------
[2025-03-17 11:47:56,914] 127.0.0.1 POST http://127.0.0.1:5000/upload
INFO in decorators: Route accessed: POST /upload
----------------------------------------
﻿[2025-03-17 11:49:14,229] None None None
INFO in logger: Application started
----------------------------------------
[2025-03-17 11:50:57,578] 127.0.0.1 POST http://127.0.0.1:5000/upload
INFO in decorators: Route accessed: POST /upload
----------------------------------------
[2025-03-17 11:51:08,050] 127.0.0.1 POST http://127.0.0.1:5000/upload
INFO in decorators: Route accessed: POST /upload
----------------------------------------
﻿[2025-03-17 11:51:23,070] None None None
INFO in logger: Application started
----------------------------------------
﻿[2025-03-17 11:54:28,270] None None None
INFO in logger: Application started
----------------------------------------
[2025-03-17 12:48:32,400] 127.0.0.1 POST http://127.0.0.1:5000/upload
INFO in decorators: Route accessed: POST /upload
----------------------------------------
﻿[2025-03-17 12:50:04,195] None None None
INFO in logger: Application started
----------------------------------------
﻿[2025-03-17 12:51:37,209] None None None
INFO in logger: Application started
----------------------------------------
﻿[2025-03-17 12:55:06,662] None None None
INFO in logger: Application started
----------------------------------------
﻿[2025-03-17 12:59:59,197] None None None
INFO in logger: Application started
----------------------------------------
[2025-03-17 13:05:32,481] 127.0.0.1 POST http://127.0.0.1:5000/upload
INFO in decorators: Route accessed: POST /upload
----------------------------------------
[2025-03-17 13:05:47,140] 127.0.0.1 POST http://127.0.0.1:5000/upload
INFO in decorators: Route accessed: POST /upload
----------------------------------------
[2025-03-17 13:06:28,542] 127.0.0.1 POST http://127.0.0.1:5000/upload
INFO in decorators: Route accessed: POST /upload
----------------------------------------
﻿[2025-03-17 13:19:02,498] None None None
INFO in logger: Application started
----------------------------------------
﻿[2025-03-17 13:20:36,543] None None None
INFO in logger: Application started
----------------------------------------
﻿[2025-03-17 13:34:29,147] None None None
INFO in logger: Application started
----------------------------------------
[2025-03-17 13:39:14,557] 127.0.0.1 POST http://127.0.0.1:5000/upload
INFO in decorators: Route accessed: POST /upload
----------------------------------------
[2025-03-17 13:39:27,885] 127.0.0.1 POST http://127.0.0.1:5000/upload
INFO in decorators: Route accessed: POST /upload
----------------------------------------
